<?xml version="1.0" encoding="UTF-8"?>
<!-- Generated by org.testng.reporters.JUnitReportReporter -->
<testsuite hostname="Jonathans-MacBook-Air.local" failures="0" tests="2" name="Api_tests.Items_management_api" time="2.596" errors="0" timestamp="2024-03-20T15:46:01 EDT" skipped="0">
  <testcase classname="Api_tests.Items_management_api" name="login_crater" time="0.966"/>
  <testcase classname="Api_tests.Items_management_api" name="list_all_items" time="1.630"/>
</testsuite> <!-- Api_tests.Items_management_api -->
